2017.02.28 14:30:03.681 [localhost-startStop-1] INFO [org.springframework.core.io.support.PropertiesLoaderSupport.loadProperties:172] - Loading properties file from class path resource [config/system.properties]
2017.02.28 14:30:23.144 [localhost-startStop-1] INFO [org.ibase4j.core.listener.ServerListerner.contextInitialized:16] - =================================
2017.02.28 14:30:23.145 [localhost-startStop-1] INFO [org.ibase4j.core.listener.ServerListerner.contextInitialized:17] - 系统[iBase4J-Web]启动完成!!!
2017.02.28 14:30:23.145 [localhost-startStop-1] INFO [org.ibase4j.core.listener.ServerListerner.contextInitialized:18] - =================================
2017.02.28 14:30:27.113 [http-bio-8088-exec-1] INFO [org.ibase4j.core.filter.CsrfFilter.doFilter:49] - referurl----->http://127.0.0.1/
2017.02.28 14:30:27.113 [http-bio-8088-exec-1] DEBUG [org.ibase4j.core.filter.XssFilter.doFilter:74] - account==admin
2017.02.28 14:30:27.114 [http-bio-8088-exec-1] DEBUG [org.ibase4j.core.filter.XssFilter.doFilter:74] - password==111111
2017.02.28 14:30:27.232 [http-bio-8088-exec-1] ERROR [org.ibase4j.core.base.BaseController.exceptionHandler:69] - OH,MY GOD! SOME ERRORS OCCURED! AS FOLLOWS : com.alibaba.dubbo.rpc.RpcException: Failed to invoke the method encryptPassword in the service org.ibase4j.provider.sys.ISysUserProvider. No provider available for the service org.ibase4j.provider.sys.ISysUserProvider from registry 127.0.0.1:2181 on the consumer 172.17.246.184 using the dubbo version 2.5.3. Please check if the providers have been started and registered.
	at com.alibaba.dubbo.rpc.cluster.support.AbstractClusterInvoker.checkInvokers(AbstractClusterInvoker.java:246) ~[dubbo-2.5.3.jar:2.5.3]
	at com.alibaba.dubbo.rpc.cluster.support.FailoverClusterInvoker.doInvoke(FailoverClusterInvoker.java:55) ~[dubbo-2.5.3.jar:2.5.3]
	at com.alibaba.dubbo.rpc.cluster.support.AbstractClusterInvoker.invoke(AbstractClusterInvoker.java:227) ~[dubbo-2.5.3.jar:2.5.3]
	at com.alibaba.dubbo.rpc.cluster.support.wrapper.MockClusterInvoker.invoke(MockClusterInvoker.java:72) ~[dubbo-2.5.3.jar:2.5.3]
	at com.alibaba.dubbo.rpc.proxy.InvokerInvocationHandler.invoke(InvokerInvocationHandler.java:52) ~[dubbo-2.5.3.jar:2.5.3]
	at com.alibaba.dubbo.common.bytecode.proxy0.encryptPassword(proxy0.java) ~[?:2.5.3]
	at org.ibase4j.service.sys.SysUserService.encryptPassword(SysUserService.java:71) ~[SysUserService.class:?]
	at org.ibase4j.web.sys.LoginController.login(LoginController.java:50) ~[LoginController.class:?]
	at sun.reflect.NativeMethodAccessorImpl.invoke0(Native Method) ~[?:1.7.0_51]
	at sun.reflect.NativeMethodAccessorImpl.invoke(NativeMethodAccessorImpl.java:57) ~[?:1.7.0_51]
	at sun.reflect.DelegatingMethodAccessorImpl.invoke(DelegatingMethodAccessorImpl.java:43) ~[?:1.7.0_51]
	at java.lang.reflect.Method.invoke(Method.java:606) ~[?:1.7.0_51]
	at org.springframework.web.method.support.InvocableHandlerMethod.doInvoke(InvocableHandlerMethod.java:221) ~[spring-web-4.3.0.RELEASE.jar:4.3.0.RELEASE]
	at org.springframework.web.method.support.InvocableHandlerMethod.invokeForRequest(InvocableHandlerMethod.java:136) ~[spring-web-4.3.0.RELEASE.jar:4.3.0.RELEASE]
	at org.springframework.web.servlet.mvc.method.annotation.ServletInvocableHandlerMethod.invokeAndHandle(ServletInvocableHandlerMethod.java:114) ~[spring-webmvc-4.3.0.RELEASE.jar:4.3.0.RELEASE]
	at org.springframework.web.servlet.mvc.method.annotation.RequestMappingHandlerAdapter.invokeHandlerMethod(RequestMappingHandlerAdapter.java:827) ~[spring-webmvc-4.3.0.RELEASE.jar:4.3.0.RELEASE]
	at org.springframework.web.servlet.mvc.method.annotation.RequestMappingHandlerAdapter.handleInternal(RequestMappingHandlerAdapter.java:738) ~[spring-webmvc-4.3.0.RELEASE.jar:4.3.0.RELEASE]
	at org.springframework.web.servlet.mvc.method.AbstractHandlerMethodAdapter.handle(AbstractHandlerMethodAdapter.java:85) ~[spring-webmvc-4.3.0.RELEASE.jar:4.3.0.RELEASE]
	at org.springframework.web.servlet.DispatcherServlet.doDispatch(DispatcherServlet.java:963) ~[spring-webmvc-4.3.0.RELEASE.jar:4.3.0.RELEASE]
	at org.springframework.web.servlet.DispatcherServlet.doService(DispatcherServlet.java:897) ~[spring-webmvc-4.3.0.RELEASE.jar:4.3.0.RELEASE]
	at org.springframework.web.servlet.FrameworkServlet.processRequest(FrameworkServlet.java:970) ~[spring-webmvc-4.3.0.RELEASE.jar:4.3.0.RELEASE]
	at org.springframework.web.servlet.FrameworkServlet.doPost(FrameworkServlet.java:872) ~[spring-webmvc-4.3.0.RELEASE.jar:4.3.0.RELEASE]
	at javax.servlet.http.HttpServlet.service(HttpServlet.java:647) ~[tomcat-embed-core-7.0.47.jar:7.0.47]
	at org.springframework.web.servlet.FrameworkServlet.service(FrameworkServlet.java:846) ~[spring-webmvc-4.3.0.RELEASE.jar:4.3.0.RELEASE]
	at javax.servlet.http.HttpServlet.service(HttpServlet.java:728) ~[tomcat-embed-core-7.0.47.jar:7.0.47]
	at org.apache.catalina.core.ApplicationFilterChain.internalDoFilter(ApplicationFilterChain.java:305) ~[tomcat-embed-core-7.0.47.jar:7.0.47]
	at org.apache.catalina.core.ApplicationFilterChain.doFilter(ApplicationFilterChain.java:210) ~[tomcat-embed-core-7.0.47.jar:7.0.47]
	at org.apache.tomcat.websocket.server.WsFilter.doFilter(WsFilter.java:51) ~[tomcat-embed-core-7.0.47.jar:7.0.47]
	at org.apache.catalina.core.ApplicationFilterChain.internalDoFilter(ApplicationFilterChain.java:243) ~[tomcat-embed-core-7.0.47.jar:7.0.47]
	at org.apache.catalina.core.ApplicationFilterChain.doFilter(ApplicationFilterChain.java:210) ~[tomcat-embed-core-7.0.47.jar:7.0.47]
	at org.ibase4j.core.filter.XssFilter.doFilter(XssFilter.java:84) ~[iBase4J-Common-1.0.0.jar:?]
	at org.apache.catalina.core.ApplicationFilterChain.internalDoFilter(ApplicationFilterChain.java:243) ~[tomcat-embed-core-7.0.47.jar:7.0.47]
	at org.apache.catalina.core.ApplicationFilterChain.doFilter(ApplicationFilterChain.java:210) ~[tomcat-embed-core-7.0.47.jar:7.0.47]
	at org.ibase4j.core.filter.CsrfFilter.doFilter(CsrfFilter.java:51) ~[iBase4J-Common-1.0.0.jar:?]
	at org.apache.catalina.core.ApplicationFilterChain.internalDoFilter(ApplicationFilterChain.java:243) ~[tomcat-embed-core-7.0.47.jar:7.0.47]
	at org.apache.catalina.core.ApplicationFilterChain.doFilter(ApplicationFilterChain.java:210) ~[tomcat-embed-core-7.0.47.jar:7.0.47]
	at org.apache.shiro.web.servlet.ProxiedFilterChain.doFilter(ProxiedFilterChain.java:61) ~[shiro-web-1.2.4.jar:1.2.4]
	at org.apache.shiro.web.servlet.AdviceFilter.executeChain(AdviceFilter.java:108) ~[shiro-web-1.2.4.jar:1.2.4]
	at org.apache.shiro.web.servlet.AdviceFilter.doFilterInternal(AdviceFilter.java:137) ~[shiro-web-1.2.4.jar:1.2.4]
	at org.apache.shiro.web.servlet.OncePerRequestFilter.doFilter(OncePerRequestFilter.java:125) ~[shiro-web-1.2.4.jar:1.2.4]
	at org.apache.shiro.web.servlet.ProxiedFilterChain.doFilter(ProxiedFilterChain.java:66) ~[shiro-web-1.2.4.jar:1.2.4]
	at org.apache.shiro.web.servlet.AbstractShiroFilter.executeChain(AbstractShiroFilter.java:449) ~[shiro-web-1.2.4.jar:1.2.4]
	at org.apache.shiro.web.servlet.AbstractShiroFilter$1.call(AbstractShiroFilter.java:365) ~[shiro-web-1.2.4.jar:1.2.4]
	at org.apache.shiro.subject.support.SubjectCallable.doCall(SubjectCallable.java:90) ~[shiro-core-1.2.4.jar:1.2.4]
	at org.apache.shiro.subject.support.SubjectCallable.call(SubjectCallable.java:83) ~[shiro-core-1.2.4.jar:1.2.4]
	at org.apache.shiro.subject.support.DelegatingSubject.execute(DelegatingSubject.java:383) ~[shiro-core-1.2.4.jar:1.2.4]
	at org.apache.shiro.web.servlet.AbstractShiroFilter.doFilterInternal(AbstractShiroFilter.java:362) ~[shiro-web-1.2.4.jar:1.2.4]
	at org.apache.shiro.web.servlet.OncePerRequestFilter.doFilter(OncePerRequestFilter.java:125) ~[shiro-web-1.2.4.jar:1.2.4]
	at org.springframework.web.filter.DelegatingFilterProxy.invokeDelegate(DelegatingFilterProxy.java:346) ~[spring-web-4.3.0.RELEASE.jar:4.3.0.RELEASE]
	at org.springframework.web.filter.DelegatingFilterProxy.doFilter(DelegatingFilterProxy.java:262) ~[spring-web-4.3.0.RELEASE.jar:4.3.0.RELEASE]
	at org.apache.catalina.core.ApplicationFilterChain.internalDoFilter(ApplicationFilterChain.java:243) ~[tomcat-embed-core-7.0.47.jar:7.0.47]
	at org.apache.catalina.core.ApplicationFilterChain.doFilter(ApplicationFilterChain.java:210) ~[tomcat-embed-core-7.0.47.jar:7.0.47]
	at org.springframework.session.web.http.SessionRepositoryFilter.doFilterInternal(SessionRepositoryFilter.java:167) ~[spring-session-1.3.0.RELEASE.jar:?]
	at org.springframework.session.web.http.OncePerRequestFilter.doFilter(OncePerRequestFilter.java:80) ~[spring-session-1.3.0.RELEASE.jar:?]
	at org.springframework.web.filter.DelegatingFilterProxy.invokeDelegate(DelegatingFilterProxy.java:346) ~[spring-web-4.3.0.RELEASE.jar:4.3.0.RELEASE]
	at org.springframework.web.filter.DelegatingFilterProxy.doFilter(DelegatingFilterProxy.java:262) ~[spring-web-4.3.0.RELEASE.jar:4.3.0.RELEASE]
	at org.apache.catalina.core.ApplicationFilterChain.internalDoFilter(ApplicationFilterChain.java:243) ~[tomcat-embed-core-7.0.47.jar:7.0.47]
	at org.apache.catalina.core.ApplicationFilterChain.doFilter(ApplicationFilterChain.java:210) ~[tomcat-embed-core-7.0.47.jar:7.0.47]
	at org.springframework.web.filter.CharacterEncodingFilter.doFilterInternal(CharacterEncodingFilter.java:197) ~[spring-web-4.3.0.RELEASE.jar:4.3.0.RELEASE]
	at org.springframework.web.filter.OncePerRequestFilter.doFilter(OncePerRequestFilter.java:107) ~[spring-web-4.3.0.RELEASE.jar:4.3.0.RELEASE]
	at org.apache.catalina.core.ApplicationFilterChain.internalDoFilter(ApplicationFilterChain.java:243) ~[tomcat-embed-core-7.0.47.jar:7.0.47]
	at org.apache.catalina.core.ApplicationFilterChain.doFilter(ApplicationFilterChain.java:210) ~[tomcat-embed-core-7.0.47.jar:7.0.47]
	at org.apache.catalina.core.StandardWrapperValve.invoke(StandardWrapperValve.java:222) ~[tomcat-embed-core-7.0.47.jar:7.0.47]
	at org.apache.catalina.core.StandardContextValve.invoke(StandardContextValve.java:123) ~[tomcat-embed-core-7.0.47.jar:7.0.47]
	at org.apache.catalina.authenticator.AuthenticatorBase.invoke(AuthenticatorBase.java:502) ~[tomcat-embed-core-7.0.47.jar:7.0.47]
	at org.apache.catalina.core.StandardHostValve.invoke(StandardHostValve.java:171) ~[tomcat-embed-core-7.0.47.jar:7.0.47]
	at org.apache.catalina.valves.ErrorReportValve.invoke(ErrorReportValve.java:100) ~[tomcat-embed-core-7.0.47.jar:7.0.47]
	at org.apache.catalina.valves.AccessLogValve.invoke(AccessLogValve.java:953) ~[tomcat-embed-core-7.0.47.jar:7.0.47]
	at org.apache.catalina.core.StandardEngineValve.invoke(StandardEngineValve.java:118) ~[tomcat-embed-core-7.0.47.jar:7.0.47]
	at org.apache.catalina.connector.CoyoteAdapter.service(CoyoteAdapter.java:408) ~[tomcat-embed-core-7.0.47.jar:7.0.47]
	at org.apache.coyote.http11.AbstractHttp11Processor.process(AbstractHttp11Processor.java:1041) ~[tomcat-embed-core-7.0.47.jar:7.0.47]
	at org.apache.coyote.AbstractProtocol$AbstractConnectionHandler.process(AbstractProtocol.java:603) ~[tomcat-embed-core-7.0.47.jar:7.0.47]
	at org.apache.tomcat.util.net.JIoEndpoint$SocketProcessor.run(JIoEndpoint.java:310) ~[tomcat-embed-core-7.0.47.jar:7.0.47]
	at java.util.concurrent.ThreadPoolExecutor.runWorker(ThreadPoolExecutor.java:1145) [?:1.7.0_51]
	at java.util.concurrent.ThreadPoolExecutor$Worker.run(ThreadPoolExecutor.java:615) [?:1.7.0_51]
	at java.lang.Thread.run(Thread.java:744) [?:1.7.0_51]

2017.02.28 14:30:27.297 [pool-2-thread-1] ERROR [org.ibase4j.service.sys.SysEventServiceImpl$1.run:78] - Save event log cause error : com.alibaba.dubbo.rpc.RpcException: Failed to invoke the method update in the service org.ibase4j.provider.sys.ISysEventProvider. No provider available for the service org.ibase4j.provider.sys.ISysEventProvider from registry 127.0.0.1:2181 on the consumer 172.17.246.184 using the dubbo version 2.5.3. Please check if the providers have been started and registered.
	at com.alibaba.dubbo.rpc.cluster.support.AbstractClusterInvoker.checkInvokers(AbstractClusterInvoker.java:246) ~[dubbo-2.5.3.jar:2.5.3]
	at com.alibaba.dubbo.rpc.cluster.support.FailoverClusterInvoker.doInvoke(FailoverClusterInvoker.java:55) ~[dubbo-2.5.3.jar:2.5.3]
	at com.alibaba.dubbo.rpc.cluster.support.AbstractClusterInvoker.invoke(AbstractClusterInvoker.java:227) ~[dubbo-2.5.3.jar:2.5.3]
	at com.alibaba.dubbo.rpc.cluster.support.wrapper.MockClusterInvoker.invoke(MockClusterInvoker.java:72) ~[dubbo-2.5.3.jar:2.5.3]
	at com.alibaba.dubbo.rpc.proxy.InvokerInvocationHandler.invoke(InvokerInvocationHandler.java:52) ~[dubbo-2.5.3.jar:2.5.3]
	at com.alibaba.dubbo.common.bytecode.proxy7.update(proxy7.java) ~[?:2.5.3]
	at org.ibase4j.core.base.BaseService.add(BaseService.java:40) ~[iBase4J-Common-1.0.0.jar:?]
	at org.ibase4j.service.sys.SysEventServiceImpl$1.run(SysEventServiceImpl.java:64) ~[SysEventServiceImpl$1.class:?]
	at java.util.concurrent.Executors$RunnableAdapter.call(Executors.java:471) ~[?:1.7.0_51]
	at java.util.concurrent.FutureTask.run(FutureTask.java:262) ~[?:1.7.0_51]
	at java.util.concurrent.ThreadPoolExecutor.runWorker(ThreadPoolExecutor.java:1145) [?:1.7.0_51]
	at java.util.concurrent.ThreadPoolExecutor$Worker.run(ThreadPoolExecutor.java:615) [?:1.7.0_51]
	at java.lang.Thread.run(Thread.java:744) [?:1.7.0_51]

2017.02.28 14:30:27.356 [redisMessageListenerContainer-2] INFO [org.ibase4j.core.listener.SessionListener.sessionCreated:31] - 创建了一个Session连接:[763b5c70-b33d-447f-9c4c-bcc818977915]
2017.02.28 14:30:27.583 [redisMessageListenerContainer-2] INFO [org.ibase4j.core.listener.SessionListener.setAllUserNumber:54] - 用户数：3
2017.02.28 14:34:23.185 [localhost-startStop-1] INFO [org.springframework.core.io.support.PropertiesLoaderSupport.loadProperties:172] - Loading properties file from class path resource [config/system.properties]
2017.02.28 14:34:39.215 [localhost-startStop-1] INFO [org.ibase4j.core.listener.ServerListerner.contextInitialized:16] - =================================
2017.02.28 14:34:39.215 [localhost-startStop-1] INFO [org.ibase4j.core.listener.ServerListerner.contextInitialized:17] - 系统[iBase4J-Web]启动完成!!!
2017.02.28 14:34:39.215 [localhost-startStop-1] INFO [org.ibase4j.core.listener.ServerListerner.contextInitialized:18] - =================================
2017.02.28 14:34:42.101 [http-bio-8088-exec-1] INFO [org.ibase4j.core.filter.CsrfFilter.doFilter:49] - referurl----->http://127.0.0.1/
2017.02.28 14:34:42.102 [http-bio-8088-exec-1] DEBUG [org.ibase4j.core.filter.XssFilter.doFilter:74] - account==admin
2017.02.28 14:34:42.102 [http-bio-8088-exec-1] DEBUG [org.ibase4j.core.filter.XssFilter.doFilter:74] - password==111111
2017.02.28 14:34:42.110 [http-bio-8088-exec-2] INFO [org.ibase4j.core.filter.CsrfFilter.doFilter:49] - referurl----->http://127.0.0.1/
2017.02.28 14:34:42.111 [http-bio-8088-exec-2] DEBUG [org.ibase4j.core.filter.XssFilter.doFilter:74] - account==admin
2017.02.28 14:34:42.111 [http-bio-8088-exec-2] DEBUG [org.ibase4j.core.filter.XssFilter.doFilter:74] - password==111111
2017.02.28 14:34:42.227 [http-bio-8088-exec-2] ERROR [org.ibase4j.core.base.BaseController.exceptionHandler:69] - OH,MY GOD! SOME ERRORS OCCURED! AS FOLLOWS : com.alibaba.dubbo.rpc.RpcException: Failed to invoke the method encryptPassword in the service org.ibase4j.provider.sys.ISysUserProvider. No provider available for the service org.ibase4j.provider.sys.ISysUserProvider from registry 127.0.0.1:2181 on the consumer 172.17.246.184 using the dubbo version 2.5.3. Please check if the providers have been started and registered.
	at com.alibaba.dubbo.rpc.cluster.support.AbstractClusterInvoker.checkInvokers(AbstractClusterInvoker.java:246) ~[dubbo-2.5.3.jar:2.5.3]
	at com.alibaba.dubbo.rpc.cluster.support.FailoverClusterInvoker.doInvoke(FailoverClusterInvoker.java:55) ~[dubbo-2.5.3.jar:2.5.3]
	at com.alibaba.dubbo.rpc.cluster.support.AbstractClusterInvoker.invoke(AbstractClusterInvoker.java:227) ~[dubbo-2.5.3.jar:2.5.3]
	at com.alibaba.dubbo.rpc.cluster.support.wrapper.MockClusterInvoker.invoke(MockClusterInvoker.java:72) ~[dubbo-2.5.3.jar:2.5.3]
	at com.alibaba.dubbo.rpc.proxy.InvokerInvocationHandler.invoke(InvokerInvocationHandler.java:52) ~[dubbo-2.5.3.jar:2.5.3]
	at com.alibaba.dubbo.common.bytecode.proxy0.encryptPassword(proxy0.java) ~[?:2.5.3]
	at org.ibase4j.service.sys.SysUserService.encryptPassword(SysUserService.java:71) ~[SysUserService.class:?]
	at org.ibase4j.web.sys.LoginController.login(LoginController.java:50) ~[LoginController.class:?]
	at sun.reflect.NativeMethodAccessorImpl.invoke0(Native Method) ~[?:1.7.0_51]
	at sun.reflect.NativeMethodAccessorImpl.invoke(NativeMethodAccessorImpl.java:57) ~[?:1.7.0_51]
	at sun.reflect.DelegatingMethodAccessorImpl.invoke(DelegatingMethodAccessorImpl.java:43) ~[?:1.7.0_51]
	at java.lang.reflect.Method.invoke(Method.java:606) ~[?:1.7.0_51]
	at org.springframework.web.method.support.InvocableHandlerMethod.doInvoke(InvocableHandlerMethod.java:221) ~[spring-web-4.3.0.RELEASE.jar:4.3.0.RELEASE]
	at org.springframework.web.method.support.InvocableHandlerMethod.invokeForRequest(InvocableHandlerMethod.java:136) ~[spring-web-4.3.0.RELEASE.jar:4.3.0.RELEASE]
	at org.springframework.web.servlet.mvc.method.annotation.ServletInvocableHandlerMethod.invokeAndHandle(ServletInvocableHandlerMethod.java:114) ~[spring-webmvc-4.3.0.RELEASE.jar:4.3.0.RELEASE]
	at org.springframework.web.servlet.mvc.method.annotation.RequestMappingHandlerAdapter.invokeHandlerMethod(RequestMappingHandlerAdapter.java:827) ~[spring-webmvc-4.3.0.RELEASE.jar:4.3.0.RELEASE]
	at org.springframework.web.servlet.mvc.method.annotation.RequestMappingHandlerAdapter.handleInternal(RequestMappingHandlerAdapter.java:738) ~[spring-webmvc-4.3.0.RELEASE.jar:4.3.0.RELEASE]
	at org.springframework.web.servlet.mvc.method.AbstractHandlerMethodAdapter.handle(AbstractHandlerMethodAdapter.java:85) ~[spring-webmvc-4.3.0.RELEASE.jar:4.3.0.RELEASE]
	at org.springframework.web.servlet.DispatcherServlet.doDispatch(DispatcherServlet.java:963) ~[spring-webmvc-4.3.0.RELEASE.jar:4.3.0.RELEASE]
	at org.springframework.web.servlet.DispatcherServlet.doService(DispatcherServlet.java:897) ~[spring-webmvc-4.3.0.RELEASE.jar:4.3.0.RELEASE]
	at org.springframework.web.servlet.FrameworkServlet.processRequest(FrameworkServlet.java:970) ~[spring-webmvc-4.3.0.RELEASE.jar:4.3.0.RELEASE]
	at org.springframework.web.servlet.FrameworkServlet.doPost(FrameworkServlet.java:872) ~[spring-webmvc-4.3.0.RELEASE.jar:4.3.0.RELEASE]
	at javax.servlet.http.HttpServlet.service(HttpServlet.java:647) ~[tomcat-embed-core-7.0.47.jar:7.0.47]
	at org.springframework.web.servlet.FrameworkServlet.service(FrameworkServlet.java:846) ~[spring-webmvc-4.3.0.RELEASE.jar:4.3.0.RELEASE]
	at javax.servlet.http.HttpServlet.service(HttpServlet.java:728) ~[tomcat-embed-core-7.0.47.jar:7.0.47]
	at org.apache.catalina.core.ApplicationFilterChain.internalDoFilter(ApplicationFilterChain.java:305) ~[tomcat-embed-core-7.0.47.jar:7.0.47]
	at org.apache.catalina.core.ApplicationFilterChain.doFilter(ApplicationFilterChain.java:210) ~[tomcat-embed-core-7.0.47.jar:7.0.47]
	at org.apache.tomcat.websocket.server.WsFilter.doFilter(WsFilter.java:51) ~[tomcat-embed-core-7.0.47.jar:7.0.47]
	at org.apache.catalina.core.ApplicationFilterChain.internalDoFilter(ApplicationFilterChain.java:243) ~[tomcat-embed-core-7.0.47.jar:7.0.47]
	at org.apache.catalina.core.ApplicationFilterChain.doFilter(ApplicationFilterChain.java:210) ~[tomcat-embed-core-7.0.47.jar:7.0.47]
	at org.ibase4j.core.filter.XssFilter.doFilter(XssFilter.java:84) ~[iBase4J-Common-1.0.0.jar:?]
	at org.apache.catalina.core.ApplicationFilterChain.internalDoFilter(ApplicationFilterChain.java:243) ~[tomcat-embed-core-7.0.47.jar:7.0.47]
	at org.apache.catalina.core.ApplicationFilterChain.doFilter(ApplicationFilterChain.java:210) ~[tomcat-embed-core-7.0.47.jar:7.0.47]
	at org.ibase4j.core.filter.CsrfFilter.doFilter(CsrfFilter.java:51) ~[iBase4J-Common-1.0.0.jar:?]
	at org.apache.catalina.core.ApplicationFilterChain.internalDoFilter(ApplicationFilterChain.java:243) ~[tomcat-embed-core-7.0.47.jar:7.0.47]
	at org.apache.catalina.core.ApplicationFilterChain.doFilter(ApplicationFilterChain.java:210) ~[tomcat-embed-core-7.0.47.jar:7.0.47]
	at org.apache.shiro.web.servlet.ProxiedFilterChain.doFilter(ProxiedFilterChain.java:61) ~[shiro-web-1.2.4.jar:1.2.4]
	at org.apache.shiro.web.servlet.AdviceFilter.executeChain(AdviceFilter.java:108) ~[shiro-web-1.2.4.jar:1.2.4]
	at org.apache.shiro.web.servlet.AdviceFilter.doFilterInternal(AdviceFilter.java:137) ~[shiro-web-1.2.4.jar:1.2.4]
	at org.apache.shiro.web.servlet.OncePerRequestFilter.doFilter(OncePerRequestFilter.java:125) ~[shiro-web-1.2.4.jar:1.2.4]
	at org.apache.shiro.web.servlet.ProxiedFilterChain.doFilter(ProxiedFilterChain.java:66) ~[shiro-web-1.2.4.jar:1.2.4]
	at org.apache.shiro.web.servlet.AbstractShiroFilter.executeChain(AbstractShiroFilter.java:449) ~[shiro-web-1.2.4.jar:1.2.4]
	at org.apache.shiro.web.servlet.AbstractShiroFilter$1.call(AbstractShiroFilter.java:365) ~[shiro-web-1.2.4.jar:1.2.4]
	at org.apache.shiro.subject.support.SubjectCallable.doCall(SubjectCallable.java:90) ~[shiro-core-1.2.4.jar:1.2.4]
	at org.apache.shiro.subject.support.SubjectCallable.call(SubjectCallable.java:83) ~[shiro-core-1.2.4.jar:1.2.4]
	at org.apache.shiro.subject.support.DelegatingSubject.execute(DelegatingSubject.java:383) ~[shiro-core-1.2.4.jar:1.2.4]
	at org.apache.shiro.web.servlet.AbstractShiroFilter.doFilterInternal(AbstractShiroFilter.java:362) ~[shiro-web-1.2.4.jar:1.2.4]
	at org.apache.shiro.web.servlet.OncePerRequestFilter.doFilter(OncePerRequestFilter.java:125) ~[shiro-web-1.2.4.jar:1.2.4]
	at org.springframework.web.filter.DelegatingFilterProxy.invokeDelegate(DelegatingFilterProxy.java:346) ~[spring-web-4.3.0.RELEASE.jar:4.3.0.RELEASE]
	at org.springframework.web.filter.DelegatingFilterProxy.doFilter(DelegatingFilterProxy.java:262) ~[spring-web-4.3.0.RELEASE.jar:4.3.0.RELEASE]
	at org.apache.catalina.core.ApplicationFilterChain.internalDoFilter(ApplicationFilterChain.java:243) ~[tomcat-embed-core-7.0.47.jar:7.0.47]
	at org.apache.catalina.core.ApplicationFilterChain.doFilter(ApplicationFilterChain.java:210) ~[tomcat-embed-core-7.0.47.jar:7.0.47]
	at org.springframework.session.web.http.SessionRepositoryFilter.doFilterInternal(SessionRepositoryFilter.java:167) ~[spring-session-1.3.0.RELEASE.jar:?]
	at org.springframework.session.web.http.OncePerRequestFilter.doFilter(OncePerRequestFilter.java:80) ~[spring-session-1.3.0.RELEASE.jar:?]
	at org.springframework.web.filter.DelegatingFilterProxy.invokeDelegate(DelegatingFilterProxy.java:346) ~[spring-web-4.3.0.RELEASE.jar:4.3.0.RELEASE]
	at org.springframework.web.filter.DelegatingFilterProxy.doFilter(DelegatingFilterProxy.java:262) ~[spring-web-4.3.0.RELEASE.jar:4.3.0.RELEASE]
	at org.apache.catalina.core.ApplicationFilterChain.internalDoFilter(ApplicationFilterChain.java:243) ~[tomcat-embed-core-7.0.47.jar:7.0.47]
	at org.apache.catalina.core.ApplicationFilterChain.doFilter(ApplicationFilterChain.java:210) ~[tomcat-embed-core-7.0.47.jar:7.0.47]
	at org.springframework.web.filter.CharacterEncodingFilter.doFilterInternal(CharacterEncodingFilter.java:197) ~[spring-web-4.3.0.RELEASE.jar:4.3.0.RELEASE]
	at org.springframework.web.filter.OncePerRequestFilter.doFilter(OncePerRequestFilter.java:107) ~[spring-web-4.3.0.RELEASE.jar:4.3.0.RELEASE]
	at org.apache.catalina.core.ApplicationFilterChain.internalDoFilter(ApplicationFilterChain.java:243) ~[tomcat-embed-core-7.0.47.jar:7.0.47]
	at org.apache.catalina.core.ApplicationFilterChain.doFilter(ApplicationFilterChain.java:210) ~[tomcat-embed-core-7.0.47.jar:7.0.47]
	at org.apache.catalina.core.StandardWrapperValve.invoke(StandardWrapperValve.java:222) ~[tomcat-embed-core-7.0.47.jar:7.0.47]
	at org.apache.catalina.core.StandardContextValve.invoke(StandardContextValve.java:123) ~[tomcat-embed-core-7.0.47.jar:7.0.47]
	at org.apache.catalina.authenticator.AuthenticatorBase.invoke(AuthenticatorBase.java:502) ~[tomcat-embed-core-7.0.47.jar:7.0.47]
	at org.apache.catalina.core.StandardHostValve.invoke(StandardHostValve.java:171) ~[tomcat-embed-core-7.0.47.jar:7.0.47]
	at org.apache.catalina.valves.ErrorReportValve.invoke(ErrorReportValve.java:100) ~[tomcat-embed-core-7.0.47.jar:7.0.47]
	at org.apache.catalina.valves.AccessLogValve.invoke(AccessLogValve.java:953) ~[tomcat-embed-core-7.0.47.jar:7.0.47]
	at org.apache.catalina.core.StandardEngineValve.invoke(StandardEngineValve.java:118) ~[tomcat-embed-core-7.0.47.jar:7.0.47]
	at org.apache.catalina.connector.CoyoteAdapter.service(CoyoteAdapter.java:408) ~[tomcat-embed-core-7.0.47.jar:7.0.47]
	at org.apache.coyote.http11.AbstractHttp11Processor.process(AbstractHttp11Processor.java:1041) ~[tomcat-embed-core-7.0.47.jar:7.0.47]
	at org.apache.coyote.AbstractProtocol$AbstractConnectionHandler.process(AbstractProtocol.java:603) ~[tomcat-embed-core-7.0.47.jar:7.0.47]
	at org.apache.tomcat.util.net.JIoEndpoint$SocketProcessor.run(JIoEndpoint.java:310) ~[tomcat-embed-core-7.0.47.jar:7.0.47]
	at java.util.concurrent.ThreadPoolExecutor.runWorker(ThreadPoolExecutor.java:1145) [?:1.7.0_51]
	at java.util.concurrent.ThreadPoolExecutor$Worker.run(ThreadPoolExecutor.java:615) [?:1.7.0_51]
	at java.lang.Thread.run(Thread.java:744) [?:1.7.0_51]

2017.02.28 14:34:42.227 [http-bio-8088-exec-1] ERROR [org.ibase4j.core.base.BaseController.exceptionHandler:69] - OH,MY GOD! SOME ERRORS OCCURED! AS FOLLOWS : com.alibaba.dubbo.rpc.RpcException: Failed to invoke the method encryptPassword in the service org.ibase4j.provider.sys.ISysUserProvider. No provider available for the service org.ibase4j.provider.sys.ISysUserProvider from registry 127.0.0.1:2181 on the consumer 172.17.246.184 using the dubbo version 2.5.3. Please check if the providers have been started and registered.
	at com.alibaba.dubbo.rpc.cluster.support.AbstractClusterInvoker.checkInvokers(AbstractClusterInvoker.java:246) ~[dubbo-2.5.3.jar:2.5.3]
	at com.alibaba.dubbo.rpc.cluster.support.FailoverClusterInvoker.doInvoke(FailoverClusterInvoker.java:55) ~[dubbo-2.5.3.jar:2.5.3]
	at com.alibaba.dubbo.rpc.cluster.support.AbstractClusterInvoker.invoke(AbstractClusterInvoker.java:227) ~[dubbo-2.5.3.jar:2.5.3]
	at com.alibaba.dubbo.rpc.cluster.support.wrapper.MockClusterInvoker.invoke(MockClusterInvoker.java:72) ~[dubbo-2.5.3.jar:2.5.3]
	at com.alibaba.dubbo.rpc.proxy.InvokerInvocationHandler.invoke(InvokerInvocationHandler.java:52) ~[dubbo-2.5.3.jar:2.5.3]
	at com.alibaba.dubbo.common.bytecode.proxy0.encryptPassword(proxy0.java) ~[?:2.5.3]
	at org.ibase4j.service.sys.SysUserService.encryptPassword(SysUserService.java:71) ~[SysUserService.class:?]
	at org.ibase4j.web.sys.LoginController.login(LoginController.java:50) ~[LoginController.class:?]
	at sun.reflect.NativeMethodAccessorImpl.invoke0(Native Method) ~[?:1.7.0_51]
	at sun.reflect.NativeMethodAccessorImpl.invoke(NativeMethodAccessorImpl.java:57) ~[?:1.7.0_51]
	at sun.reflect.DelegatingMethodAccessorImpl.invoke(DelegatingMethodAccessorImpl.java:43) ~[?:1.7.0_51]
	at java.lang.reflect.Method.invoke(Method.java:606) ~[?:1.7.0_51]
	at org.springframework.web.method.support.InvocableHandlerMethod.doInvoke(InvocableHandlerMethod.java:221) ~[spring-web-4.3.0.RELEASE.jar:4.3.0.RELEASE]
	at org.springframework.web.method.support.InvocableHandlerMethod.invokeForRequest(InvocableHandlerMethod.java:136) ~[spring-web-4.3.0.RELEASE.jar:4.3.0.RELEASE]
	at org.springframework.web.servlet.mvc.method.annotation.ServletInvocableHandlerMethod.invokeAndHandle(ServletInvocableHandlerMethod.java:114) ~[spring-webmvc-4.3.0.RELEASE.jar:4.3.0.RELEASE]
	at org.springframework.web.servlet.mvc.method.annotation.RequestMappingHandlerAdapter.invokeHandlerMethod(RequestMappingHandlerAdapter.java:827) ~[spring-webmvc-4.3.0.RELEASE.jar:4.3.0.RELEASE]
	at org.springframework.web.servlet.mvc.method.annotation.RequestMappingHandlerAdapter.handleInternal(RequestMappingHandlerAdapter.java:738) ~[spring-webmvc-4.3.0.RELEASE.jar:4.3.0.RELEASE]
	at org.springframework.web.servlet.mvc.method.AbstractHandlerMethodAdapter.handle(AbstractHandlerMethodAdapter.java:85) ~[spring-webmvc-4.3.0.RELEASE.jar:4.3.0.RELEASE]
	at org.springframework.web.servlet.DispatcherServlet.doDispatch(DispatcherServlet.java:963) ~[spring-webmvc-4.3.0.RELEASE.jar:4.3.0.RELEASE]
	at org.springframework.web.servlet.DispatcherServlet.doService(DispatcherServlet.java:897) ~[spring-webmvc-4.3.0.RELEASE.jar:4.3.0.RELEASE]
	at org.springframework.web.servlet.FrameworkServlet.processRequest(FrameworkServlet.java:970) ~[spring-webmvc-4.3.0.RELEASE.jar:4.3.0.RELEASE]
	at org.springframework.web.servlet.FrameworkServlet.doPost(FrameworkServlet.java:872) ~[spring-webmvc-4.3.0.RELEASE.jar:4.3.0.RELEASE]
	at javax.servlet.http.HttpServlet.service(HttpServlet.java:647) ~[tomcat-embed-core-7.0.47.jar:7.0.47]
	at org.springframework.web.servlet.FrameworkServlet.service(FrameworkServlet.java:846) ~[spring-webmvc-4.3.0.RELEASE.jar:4.3.0.RELEASE]
	at javax.servlet.http.HttpServlet.service(HttpServlet.java:728) ~[tomcat-embed-core-7.0.47.jar:7.0.47]
	at org.apache.catalina.core.ApplicationFilterChain.internalDoFilter(ApplicationFilterChain.java:305) ~[tomcat-embed-core-7.0.47.jar:7.0.47]
	at org.apache.catalina.core.ApplicationFilterChain.doFilter(ApplicationFilterChain.java:210) ~[tomcat-embed-core-7.0.47.jar:7.0.47]
	at org.apache.tomcat.websocket.server.WsFilter.doFilter(WsFilter.java:51) ~[tomcat-embed-core-7.0.47.jar:7.0.47]
	at org.apache.catalina.core.ApplicationFilterChain.internalDoFilter(ApplicationFilterChain.java:243) ~[tomcat-embed-core-7.0.47.jar:7.0.47]
	at org.apache.catalina.core.ApplicationFilterChain.doFilter(ApplicationFilterChain.java:210) ~[tomcat-embed-core-7.0.47.jar:7.0.47]
	at org.ibase4j.core.filter.XssFilter.doFilter(XssFilter.java:84) ~[iBase4J-Common-1.0.0.jar:?]
	at org.apache.catalina.core.ApplicationFilterChain.internalDoFilter(ApplicationFilterChain.java:243) ~[tomcat-embed-core-7.0.47.jar:7.0.47]
	at org.apache.catalina.core.ApplicationFilterChain.doFilter(ApplicationFilterChain.java:210) ~[tomcat-embed-core-7.0.47.jar:7.0.47]
	at org.ibase4j.core.filter.CsrfFilter.doFilter(CsrfFilter.java:51) ~[iBase4J-Common-1.0.0.jar:?]
	at org.apache.catalina.core.ApplicationFilterChain.internalDoFilter(ApplicationFilterChain.java:243) ~[tomcat-embed-core-7.0.47.jar:7.0.47]
	at org.apache.catalina.core.ApplicationFilterChain.doFilter(ApplicationFilterChain.java:210) ~[tomcat-embed-core-7.0.47.jar:7.0.47]
	at org.apache.shiro.web.servlet.ProxiedFilterChain.doFilter(ProxiedFilterChain.java:61) ~[shiro-web-1.2.4.jar:1.2.4]
	at org.apache.shiro.web.servlet.AdviceFilter.executeChain(AdviceFilter.java:108) ~[shiro-web-1.2.4.jar:1.2.4]
	at org.apache.shiro.web.servlet.AdviceFilter.doFilterInternal(AdviceFilter.java:137) ~[shiro-web-1.2.4.jar:1.2.4]
	at org.apache.shiro.web.servlet.OncePerRequestFilter.doFilter(OncePerRequestFilter.java:125) ~[shiro-web-1.2.4.jar:1.2.4]
	at org.apache.shiro.web.servlet.ProxiedFilterChain.doFilter(ProxiedFilterChain.java:66) ~[shiro-web-1.2.4.jar:1.2.4]
	at org.apache.shiro.web.servlet.AbstractShiroFilter.executeChain(AbstractShiroFilter.java:449) ~[shiro-web-1.2.4.jar:1.2.4]
	at org.apache.shiro.web.servlet.AbstractShiroFilter$1.call(AbstractShiroFilter.java:365) ~[shiro-web-1.2.4.jar:1.2.4]
	at org.apache.shiro.subject.support.SubjectCallable.doCall(SubjectCallable.java:90) ~[shiro-core-1.2.4.jar:1.2.4]
	at org.apache.shiro.subject.support.SubjectCallable.call(SubjectCallable.java:83) ~[shiro-core-1.2.4.jar:1.2.4]
	at org.apache.shiro.subject.support.DelegatingSubject.execute(DelegatingSubject.java:383) ~[shiro-core-1.2.4.jar:1.2.4]
	at org.apache.shiro.web.servlet.AbstractShiroFilter.doFilterInternal(AbstractShiroFilter.java:362) ~[shiro-web-1.2.4.jar:1.2.4]
	at org.apache.shiro.web.servlet.OncePerRequestFilter.doFilter(OncePerRequestFilter.java:125) ~[shiro-web-1.2.4.jar:1.2.4]
	at org.springframework.web.filter.DelegatingFilterProxy.invokeDelegate(DelegatingFilterProxy.java:346) ~[spring-web-4.3.0.RELEASE.jar:4.3.0.RELEASE]
	at org.springframework.web.filter.DelegatingFilterProxy.doFilter(DelegatingFilterProxy.java:262) ~[spring-web-4.3.0.RELEASE.jar:4.3.0.RELEASE]
	at org.apache.catalina.core.ApplicationFilterChain.internalDoFilter(ApplicationFilterChain.java:243) ~[tomcat-embed-core-7.0.47.jar:7.0.47]
	at org.apache.catalina.core.ApplicationFilterChain.doFilter(ApplicationFilterChain.java:210) ~[tomcat-embed-core-7.0.47.jar:7.0.47]
	at org.springframework.session.web.http.SessionRepositoryFilter.doFilterInternal(SessionRepositoryFilter.java:167) ~[spring-session-1.3.0.RELEASE.jar:?]
	at org.springframework.session.web.http.OncePerRequestFilter.doFilter(OncePerRequestFilter.java:80) ~[spring-session-1.3.0.RELEASE.jar:?]
	at org.springframework.web.filter.DelegatingFilterProxy.invokeDelegate(DelegatingFilterProxy.java:346) ~[spring-web-4.3.0.RELEASE.jar:4.3.0.RELEASE]
	at org.springframework.web.filter.DelegatingFilterProxy.doFilter(DelegatingFilterProxy.java:262) ~[spring-web-4.3.0.RELEASE.jar:4.3.0.RELEASE]
	at org.apache.catalina.core.ApplicationFilterChain.internalDoFilter(ApplicationFilterChain.java:243) ~[tomcat-embed-core-7.0.47.jar:7.0.47]
	at org.apache.catalina.core.ApplicationFilterChain.doFilter(ApplicationFilterChain.java:210) ~[tomcat-embed-core-7.0.47.jar:7.0.47]
	at org.springframework.web.filter.CharacterEncodingFilter.doFilterInternal(CharacterEncodingFilter.java:197) ~[spring-web-4.3.0.RELEASE.jar:4.3.0.RELEASE]
	at org.springframework.web.filter.OncePerRequestFilter.doFilter(OncePerRequestFilter.java:107) ~[spring-web-4.3.0.RELEASE.jar:4.3.0.RELEASE]
	at org.apache.catalina.core.ApplicationFilterChain.internalDoFilter(ApplicationFilterChain.java:243) ~[tomcat-embed-core-7.0.47.jar:7.0.47]
	at org.apache.catalina.core.ApplicationFilterChain.doFilter(ApplicationFilterChain.java:210) ~[tomcat-embed-core-7.0.47.jar:7.0.47]
	at org.apache.catalina.core.StandardWrapperValve.invoke(StandardWrapperValve.java:222) ~[tomcat-embed-core-7.0.47.jar:7.0.47]
	at org.apache.catalina.core.StandardContextValve.invoke(StandardContextValve.java:123) ~[tomcat-embed-core-7.0.47.jar:7.0.47]
	at org.apache.catalina.authenticator.AuthenticatorBase.invoke(AuthenticatorBase.java:502) ~[tomcat-embed-core-7.0.47.jar:7.0.47]
	at org.apache.catalina.core.StandardHostValve.invoke(StandardHostValve.java:171) ~[tomcat-embed-core-7.0.47.jar:7.0.47]
	at org.apache.catalina.valves.ErrorReportValve.invoke(ErrorReportValve.java:100) ~[tomcat-embed-core-7.0.47.jar:7.0.47]
	at org.apache.catalina.valves.AccessLogValve.invoke(AccessLogValve.java:953) ~[tomcat-embed-core-7.0.47.jar:7.0.47]
	at org.apache.catalina.core.StandardEngineValve.invoke(StandardEngineValve.java:118) ~[tomcat-embed-core-7.0.47.jar:7.0.47]
	at org.apache.catalina.connector.CoyoteAdapter.service(CoyoteAdapter.java:408) ~[tomcat-embed-core-7.0.47.jar:7.0.47]
	at org.apache.coyote.http11.AbstractHttp11Processor.process(AbstractHttp11Processor.java:1041) ~[tomcat-embed-core-7.0.47.jar:7.0.47]
	at org.apache.coyote.AbstractProtocol$AbstractConnectionHandler.process(AbstractProtocol.java:603) ~[tomcat-embed-core-7.0.47.jar:7.0.47]
	at org.apache.tomcat.util.net.JIoEndpoint$SocketProcessor.run(JIoEndpoint.java:310) ~[tomcat-embed-core-7.0.47.jar:7.0.47]
	at java.util.concurrent.ThreadPoolExecutor.runWorker(ThreadPoolExecutor.java:1145) [?:1.7.0_51]
	at java.util.concurrent.ThreadPoolExecutor$Worker.run(ThreadPoolExecutor.java:615) [?:1.7.0_51]
	at java.lang.Thread.run(Thread.java:744) [?:1.7.0_51]

2017.02.28 14:34:42.312 [pool-2-thread-1] ERROR [org.ibase4j.service.sys.SysEventServiceImpl$1.run:78] - Save event log cause error : com.alibaba.dubbo.rpc.RpcException: Failed to invoke the method update in the service org.ibase4j.provider.sys.ISysEventProvider. No provider available for the service org.ibase4j.provider.sys.ISysEventProvider from registry 127.0.0.1:2181 on the consumer 172.17.246.184 using the dubbo version 2.5.3. Please check if the providers have been started and registered.
	at com.alibaba.dubbo.rpc.cluster.support.AbstractClusterInvoker.checkInvokers(AbstractClusterInvoker.java:246) ~[dubbo-2.5.3.jar:2.5.3]
	at com.alibaba.dubbo.rpc.cluster.support.FailoverClusterInvoker.doInvoke(FailoverClusterInvoker.java:55) ~[dubbo-2.5.3.jar:2.5.3]
	at com.alibaba.dubbo.rpc.cluster.support.AbstractClusterInvoker.invoke(AbstractClusterInvoker.java:227) ~[dubbo-2.5.3.jar:2.5.3]
	at com.alibaba.dubbo.rpc.cluster.support.wrapper.MockClusterInvoker.invoke(MockClusterInvoker.java:72) ~[dubbo-2.5.3.jar:2.5.3]
	at com.alibaba.dubbo.rpc.proxy.InvokerInvocationHandler.invoke(InvokerInvocationHandler.java:52) ~[dubbo-2.5.3.jar:2.5.3]
	at com.alibaba.dubbo.common.bytecode.proxy7.update(proxy7.java) ~[?:2.5.3]
	at org.ibase4j.core.base.BaseService.add(BaseService.java:40) ~[iBase4J-Common-1.0.0.jar:?]
	at org.ibase4j.service.sys.SysEventServiceImpl$1.run(SysEventServiceImpl.java:64) ~[SysEventServiceImpl$1.class:?]
	at java.util.concurrent.Executors$RunnableAdapter.call(Executors.java:471) ~[?:1.7.0_51]
	at java.util.concurrent.FutureTask.run(FutureTask.java:262) ~[?:1.7.0_51]
	at java.util.concurrent.ThreadPoolExecutor.runWorker(ThreadPoolExecutor.java:1145) [?:1.7.0_51]
	at java.util.concurrent.ThreadPoolExecutor$Worker.run(ThreadPoolExecutor.java:615) [?:1.7.0_51]
	at java.lang.Thread.run(Thread.java:744) [?:1.7.0_51]

2017.02.28 14:34:42.326 [pool-2-thread-2] ERROR [org.ibase4j.service.sys.SysEventServiceImpl$1.run:78] - Save event log cause error : com.alibaba.dubbo.rpc.RpcException: Failed to invoke the method update in the service org.ibase4j.provider.sys.ISysEventProvider. No provider available for the service org.ibase4j.provider.sys.ISysEventProvider from registry 127.0.0.1:2181 on the consumer 172.17.246.184 using the dubbo version 2.5.3. Please check if the providers have been started and registered.
	at com.alibaba.dubbo.rpc.cluster.support.AbstractClusterInvoker.checkInvokers(AbstractClusterInvoker.java:246) ~[dubbo-2.5.3.jar:2.5.3]
	at com.alibaba.dubbo.rpc.cluster.support.FailoverClusterInvoker.doInvoke(FailoverClusterInvoker.java:55) ~[dubbo-2.5.3.jar:2.5.3]
	at com.alibaba.dubbo.rpc.cluster.support.AbstractClusterInvoker.invoke(AbstractClusterInvoker.java:227) ~[dubbo-2.5.3.jar:2.5.3]
	at com.alibaba.dubbo.rpc.cluster.support.wrapper.MockClusterInvoker.invoke(MockClusterInvoker.java:72) ~[dubbo-2.5.3.jar:2.5.3]
	at com.alibaba.dubbo.rpc.proxy.InvokerInvocationHandler.invoke(InvokerInvocationHandler.java:52) ~[dubbo-2.5.3.jar:2.5.3]
	at com.alibaba.dubbo.common.bytecode.proxy7.update(proxy7.java) ~[?:2.5.3]
	at org.ibase4j.core.base.BaseService.add(BaseService.java:40) ~[iBase4J-Common-1.0.0.jar:?]
	at org.ibase4j.service.sys.SysEventServiceImpl$1.run(SysEventServiceImpl.java:64) ~[SysEventServiceImpl$1.class:?]
	at java.util.concurrent.Executors$RunnableAdapter.call(Executors.java:471) ~[?:1.7.0_51]
	at java.util.concurrent.FutureTask.run(FutureTask.java:262) ~[?:1.7.0_51]
	at java.util.concurrent.ThreadPoolExecutor.runWorker(ThreadPoolExecutor.java:1145) [?:1.7.0_51]
	at java.util.concurrent.ThreadPoolExecutor$Worker.run(ThreadPoolExecutor.java:615) [?:1.7.0_51]
	at java.lang.Thread.run(Thread.java:744) [?:1.7.0_51]

2017.02.28 14:49:29.794 [localhost-startStop-1] INFO [org.springframework.core.io.support.PropertiesLoaderSupport.loadProperties:172] - Loading properties file from class path resource [config/system.properties]
2017.02.28 14:49:44.965 [localhost-startStop-1] INFO [org.ibase4j.core.listener.ServerListerner.contextInitialized:16] - =================================
2017.02.28 14:49:44.965 [localhost-startStop-1] INFO [org.ibase4j.core.listener.ServerListerner.contextInitialized:17] - 系统[iBase4J-Web]启动完成!!!
2017.02.28 14:49:44.965 [localhost-startStop-1] INFO [org.ibase4j.core.listener.ServerListerner.contextInitialized:18] - =================================
2017.02.28 14:50:09.670 [http-bio-8088-exec-1] INFO [org.ibase4j.core.filter.CsrfFilter.doFilter:49] - referurl----->http://127.0.0.1/
2017.02.28 14:50:09.670 [http-bio-8088-exec-1] DEBUG [org.ibase4j.core.filter.XssFilter.doFilter:74] - account==admin
2017.02.28 14:50:09.671 [http-bio-8088-exec-1] DEBUG [org.ibase4j.core.filter.XssFilter.doFilter:74] - password==111111
2017.02.28 14:50:09.766 [http-bio-8088-exec-1] ERROR [org.ibase4j.core.base.BaseController.exceptionHandler:69] - OH,MY GOD! SOME ERRORS OCCURED! AS FOLLOWS : com.alibaba.dubbo.rpc.RpcException: Failed to invoke the method encryptPassword in the service org.ibase4j.provider.sys.ISysUserProvider. No provider available for the service org.ibase4j.provider.sys.ISysUserProvider from registry 127.0.0.1:2181 on the consumer 172.17.246.184 using the dubbo version 2.5.3. Please check if the providers have been started and registered.
	at com.alibaba.dubbo.rpc.cluster.support.AbstractClusterInvoker.checkInvokers(AbstractClusterInvoker.java:246) ~[dubbo-2.5.3.jar:2.5.3]
	at com.alibaba.dubbo.rpc.cluster.support.FailoverClusterInvoker.doInvoke(FailoverClusterInvoker.java:55) ~[dubbo-2.5.3.jar:2.5.3]
	at com.alibaba.dubbo.rpc.cluster.support.AbstractClusterInvoker.invoke(AbstractClusterInvoker.java:227) ~[dubbo-2.5.3.jar:2.5.3]
	at com.alibaba.dubbo.rpc.cluster.support.wrapper.MockClusterInvoker.invoke(MockClusterInvoker.java:72) ~[dubbo-2.5.3.jar:2.5.3]
	at com.alibaba.dubbo.rpc.proxy.InvokerInvocationHandler.invoke(InvokerInvocationHandler.java:52) ~[dubbo-2.5.3.jar:2.5.3]
	at com.alibaba.dubbo.common.bytecode.proxy0.encryptPassword(proxy0.java) ~[?:2.5.3]
	at org.ibase4j.service.sys.SysUserService.encryptPassword(SysUserService.java:71) ~[SysUserService.class:?]
	at org.ibase4j.web.sys.LoginController.login(LoginController.java:50) ~[LoginController.class:?]
	at sun.reflect.NativeMethodAccessorImpl.invoke0(Native Method) ~[?:1.7.0_51]
	at sun.reflect.NativeMethodAccessorImpl.invoke(NativeMethodAccessorImpl.java:57) ~[?:1.7.0_51]
	at sun.reflect.DelegatingMethodAccessorImpl.invoke(DelegatingMethodAccessorImpl.java:43) ~[?:1.7.0_51]
	at java.lang.reflect.Method.invoke(Method.java:606) ~[?:1.7.0_51]
	at org.springframework.web.method.support.InvocableHandlerMethod.doInvoke(InvocableHandlerMethod.java:221) ~[spring-web-4.3.0.RELEASE.jar:4.3.0.RELEASE]
	at org.springframework.web.method.support.InvocableHandlerMethod.invokeForRequest(InvocableHandlerMethod.java:136) ~[spring-web-4.3.0.RELEASE.jar:4.3.0.RELEASE]
	at org.springframework.web.servlet.mvc.method.annotation.ServletInvocableHandlerMethod.invokeAndHandle(ServletInvocableHandlerMethod.java:114) ~[spring-webmvc-4.3.0.RELEASE.jar:4.3.0.RELEASE]
	at org.springframework.web.servlet.mvc.method.annotation.RequestMappingHandlerAdapter.invokeHandlerMethod(RequestMappingHandlerAdapter.java:827) ~[spring-webmvc-4.3.0.RELEASE.jar:4.3.0.RELEASE]
	at org.springframework.web.servlet.mvc.method.annotation.RequestMappingHandlerAdapter.handleInternal(RequestMappingHandlerAdapter.java:738) ~[spring-webmvc-4.3.0.RELEASE.jar:4.3.0.RELEASE]
	at org.springframework.web.servlet.mvc.method.AbstractHandlerMethodAdapter.handle(AbstractHandlerMethodAdapter.java:85) ~[spring-webmvc-4.3.0.RELEASE.jar:4.3.0.RELEASE]
	at org.springframework.web.servlet.DispatcherServlet.doDispatch(DispatcherServlet.java:963) ~[spring-webmvc-4.3.0.RELEASE.jar:4.3.0.RELEASE]
	at org.springframework.web.servlet.DispatcherServlet.doService(DispatcherServlet.java:897) ~[spring-webmvc-4.3.0.RELEASE.jar:4.3.0.RELEASE]
	at org.springframework.web.servlet.FrameworkServlet.processRequest(FrameworkServlet.java:970) ~[spring-webmvc-4.3.0.RELEASE.jar:4.3.0.RELEASE]
	at org.springframework.web.servlet.FrameworkServlet.doPost(FrameworkServlet.java:872) ~[spring-webmvc-4.3.0.RELEASE.jar:4.3.0.RELEASE]
	at javax.servlet.http.HttpServlet.service(HttpServlet.java:647) ~[tomcat-embed-core-7.0.47.jar:7.0.47]
	at org.springframework.web.servlet.FrameworkServlet.service(FrameworkServlet.java:846) ~[spring-webmvc-4.3.0.RELEASE.jar:4.3.0.RELEASE]
	at javax.servlet.http.HttpServlet.service(HttpServlet.java:728) ~[tomcat-embed-core-7.0.47.jar:7.0.47]
	at org.apache.catalina.core.ApplicationFilterChain.internalDoFilter(ApplicationFilterChain.java:305) ~[tomcat-embed-core-7.0.47.jar:7.0.47]
	at org.apache.catalina.core.ApplicationFilterChain.doFilter(ApplicationFilterChain.java:210) ~[tomcat-embed-core-7.0.47.jar:7.0.47]
	at org.apache.tomcat.websocket.server.WsFilter.doFilter(WsFilter.java:51) ~[tomcat-embed-core-7.0.47.jar:7.0.47]
	at org.apache.catalina.core.ApplicationFilterChain.internalDoFilter(ApplicationFilterChain.java:243) ~[tomcat-embed-core-7.0.47.jar:7.0.47]
	at org.apache.catalina.core.ApplicationFilterChain.doFilter(ApplicationFilterChain.java:210) ~[tomcat-embed-core-7.0.47.jar:7.0.47]
	at org.ibase4j.core.filter.XssFilter.doFilter(XssFilter.java:84) ~[iBase4J-Common-1.0.0.jar:?]
	at org.apache.catalina.core.ApplicationFilterChain.internalDoFilter(ApplicationFilterChain.java:243) ~[tomcat-embed-core-7.0.47.jar:7.0.47]
	at org.apache.catalina.core.ApplicationFilterChain.doFilter(ApplicationFilterChain.java:210) ~[tomcat-embed-core-7.0.47.jar:7.0.47]
	at org.ibase4j.core.filter.CsrfFilter.doFilter(CsrfFilter.java:51) ~[iBase4J-Common-1.0.0.jar:?]
	at org.apache.catalina.core.ApplicationFilterChain.internalDoFilter(ApplicationFilterChain.java:243) ~[tomcat-embed-core-7.0.47.jar:7.0.47]
	at org.apache.catalina.core.ApplicationFilterChain.doFilter(ApplicationFilterChain.java:210) ~[tomcat-embed-core-7.0.47.jar:7.0.47]
	at org.apache.shiro.web.servlet.ProxiedFilterChain.doFilter(ProxiedFilterChain.java:61) ~[shiro-web-1.2.4.jar:1.2.4]
	at org.apache.shiro.web.servlet.AdviceFilter.executeChain(AdviceFilter.java:108) ~[shiro-web-1.2.4.jar:1.2.4]
	at org.apache.shiro.web.servlet.AdviceFilter.doFilterInternal(AdviceFilter.java:137) ~[shiro-web-1.2.4.jar:1.2.4]
	at org.apache.shiro.web.servlet.OncePerRequestFilter.doFilter(OncePerRequestFilter.java:125) ~[shiro-web-1.2.4.jar:1.2.4]
	at org.apache.shiro.web.servlet.ProxiedFilterChain.doFilter(ProxiedFilterChain.java:66) ~[shiro-web-1.2.4.jar:1.2.4]
	at org.apache.shiro.web.servlet.AbstractShiroFilter.executeChain(AbstractShiroFilter.java:449) ~[shiro-web-1.2.4.jar:1.2.4]
	at org.apache.shiro.web.servlet.AbstractShiroFilter$1.call(AbstractShiroFilter.java:365) ~[shiro-web-1.2.4.jar:1.2.4]
	at org.apache.shiro.subject.support.SubjectCallable.doCall(SubjectCallable.java:90) ~[shiro-core-1.2.4.jar:1.2.4]
	at org.apache.shiro.subject.support.SubjectCallable.call(SubjectCallable.java:83) ~[shiro-core-1.2.4.jar:1.2.4]
	at org.apache.shiro.subject.support.DelegatingSubject.execute(DelegatingSubject.java:383) ~[shiro-core-1.2.4.jar:1.2.4]
	at org.apache.shiro.web.servlet.AbstractShiroFilter.doFilterInternal(AbstractShiroFilter.java:362) ~[shiro-web-1.2.4.jar:1.2.4]
	at org.apache.shiro.web.servlet.OncePerRequestFilter.doFilter(OncePerRequestFilter.java:125) ~[shiro-web-1.2.4.jar:1.2.4]
	at org.springframework.web.filter.DelegatingFilterProxy.invokeDelegate(DelegatingFilterProxy.java:346) ~[spring-web-4.3.0.RELEASE.jar:4.3.0.RELEASE]
	at org.springframework.web.filter.DelegatingFilterProxy.doFilter(DelegatingFilterProxy.java:262) ~[spring-web-4.3.0.RELEASE.jar:4.3.0.RELEASE]
	at org.apache.catalina.core.ApplicationFilterChain.internalDoFilter(ApplicationFilterChain.java:243) ~[tomcat-embed-core-7.0.47.jar:7.0.47]
	at org.apache.catalina.core.ApplicationFilterChain.doFilter(ApplicationFilterChain.java:210) ~[tomcat-embed-core-7.0.47.jar:7.0.47]
	at org.springframework.session.web.http.SessionRepositoryFilter.doFilterInternal(SessionRepositoryFilter.java:167) ~[spring-session-1.3.0.RELEASE.jar:?]
	at org.springframework.session.web.http.OncePerRequestFilter.doFilter(OncePerRequestFilter.java:80) ~[spring-session-1.3.0.RELEASE.jar:?]
	at org.springframework.web.filter.DelegatingFilterProxy.invokeDelegate(DelegatingFilterProxy.java:346) ~[spring-web-4.3.0.RELEASE.jar:4.3.0.RELEASE]
	at org.springframework.web.filter.DelegatingFilterProxy.doFilter(DelegatingFilterProxy.java:262) ~[spring-web-4.3.0.RELEASE.jar:4.3.0.RELEASE]
	at org.apache.catalina.core.ApplicationFilterChain.internalDoFilter(ApplicationFilterChain.java:243) ~[tomcat-embed-core-7.0.47.jar:7.0.47]
	at org.apache.catalina.core.ApplicationFilterChain.doFilter(ApplicationFilterChain.java:210) ~[tomcat-embed-core-7.0.47.jar:7.0.47]
	at org.springframework.web.filter.CharacterEncodingFilter.doFilterInternal(CharacterEncodingFilter.java:197) ~[spring-web-4.3.0.RELEASE.jar:4.3.0.RELEASE]
	at org.springframework.web.filter.OncePerRequestFilter.doFilter(OncePerRequestFilter.java:107) ~[spring-web-4.3.0.RELEASE.jar:4.3.0.RELEASE]
	at org.apache.catalina.core.ApplicationFilterChain.internalDoFilter(ApplicationFilterChain.java:243) ~[tomcat-embed-core-7.0.47.jar:7.0.47]
	at org.apache.catalina.core.ApplicationFilterChain.doFilter(ApplicationFilterChain.java:210) ~[tomcat-embed-core-7.0.47.jar:7.0.47]
	at org.apache.catalina.core.StandardWrapperValve.invoke(StandardWrapperValve.java:222) ~[tomcat-embed-core-7.0.47.jar:7.0.47]
	at org.apache.catalina.core.StandardContextValve.invoke(StandardContextValve.java:123) ~[tomcat-embed-core-7.0.47.jar:7.0.47]
	at org.apache.catalina.authenticator.AuthenticatorBase.invoke(AuthenticatorBase.java:502) ~[tomcat-embed-core-7.0.47.jar:7.0.47]
	at org.apache.catalina.core.StandardHostValve.invoke(StandardHostValve.java:171) ~[tomcat-embed-core-7.0.47.jar:7.0.47]
	at org.apache.catalina.valves.ErrorReportValve.invoke(ErrorReportValve.java:100) ~[tomcat-embed-core-7.0.47.jar:7.0.47]
	at org.apache.catalina.valves.AccessLogValve.invoke(AccessLogValve.java:953) ~[tomcat-embed-core-7.0.47.jar:7.0.47]
	at org.apache.catalina.core.StandardEngineValve.invoke(StandardEngineValve.java:118) ~[tomcat-embed-core-7.0.47.jar:7.0.47]
	at org.apache.catalina.connector.CoyoteAdapter.service(CoyoteAdapter.java:408) ~[tomcat-embed-core-7.0.47.jar:7.0.47]
	at org.apache.coyote.http11.AbstractHttp11Processor.process(AbstractHttp11Processor.java:1041) ~[tomcat-embed-core-7.0.47.jar:7.0.47]
	at org.apache.coyote.AbstractProtocol$AbstractConnectionHandler.process(AbstractProtocol.java:603) ~[tomcat-embed-core-7.0.47.jar:7.0.47]
	at org.apache.tomcat.util.net.JIoEndpoint$SocketProcessor.run(JIoEndpoint.java:310) ~[tomcat-embed-core-7.0.47.jar:7.0.47]
	at java.util.concurrent.ThreadPoolExecutor.runWorker(ThreadPoolExecutor.java:1145) [?:1.7.0_51]
	at java.util.concurrent.ThreadPoolExecutor$Worker.run(ThreadPoolExecutor.java:615) [?:1.7.0_51]
	at java.lang.Thread.run(Thread.java:744) [?:1.7.0_51]

2017.02.28 14:50:09.826 [pool-2-thread-1] ERROR [org.ibase4j.service.sys.SysEventServiceImpl$1.run:78] - Save event log cause error : com.alibaba.dubbo.rpc.RpcException: Failed to invoke the method update in the service org.ibase4j.provider.sys.ISysEventProvider. No provider available for the service org.ibase4j.provider.sys.ISysEventProvider from registry 127.0.0.1:2181 on the consumer 172.17.246.184 using the dubbo version 2.5.3. Please check if the providers have been started and registered.
	at com.alibaba.dubbo.rpc.cluster.support.AbstractClusterInvoker.checkInvokers(AbstractClusterInvoker.java:246) ~[dubbo-2.5.3.jar:2.5.3]
	at com.alibaba.dubbo.rpc.cluster.support.FailoverClusterInvoker.doInvoke(FailoverClusterInvoker.java:55) ~[dubbo-2.5.3.jar:2.5.3]
	at com.alibaba.dubbo.rpc.cluster.support.AbstractClusterInvoker.invoke(AbstractClusterInvoker.java:227) ~[dubbo-2.5.3.jar:2.5.3]
	at com.alibaba.dubbo.rpc.cluster.support.wrapper.MockClusterInvoker.invoke(MockClusterInvoker.java:72) ~[dubbo-2.5.3.jar:2.5.3]
	at com.alibaba.dubbo.rpc.proxy.InvokerInvocationHandler.invoke(InvokerInvocationHandler.java:52) ~[dubbo-2.5.3.jar:2.5.3]
	at com.alibaba.dubbo.common.bytecode.proxy7.update(proxy7.java) ~[?:2.5.3]
	at org.ibase4j.core.base.BaseService.add(BaseService.java:40) ~[iBase4J-Common-1.0.0.jar:?]
	at org.ibase4j.service.sys.SysEventServiceImpl$1.run(SysEventServiceImpl.java:64) ~[SysEventServiceImpl$1.class:?]
	at java.util.concurrent.Executors$RunnableAdapter.call(Executors.java:471) ~[?:1.7.0_51]
	at java.util.concurrent.FutureTask.run(FutureTask.java:262) ~[?:1.7.0_51]
	at java.util.concurrent.ThreadPoolExecutor.runWorker(ThreadPoolExecutor.java:1145) [?:1.7.0_51]
	at java.util.concurrent.ThreadPoolExecutor$Worker.run(ThreadPoolExecutor.java:615) [?:1.7.0_51]
	at java.lang.Thread.run(Thread.java:744) [?:1.7.0_51]

2017.02.28 14:50:09.849 [redisMessageListenerContainer-2] INFO [org.ibase4j.core.listener.SessionListener.sessionCreated:31] - 创建了一个Session连接:[192d9e8d-4641-4488-9e99-155bc2e7deb8]
2017.02.28 14:50:09.999 [redisMessageListenerContainer-2] INFO [org.ibase4j.core.listener.SessionListener.setAllUserNumber:54] - 用户数：4
2017.02.28 14:52:41.980 [localhost-startStop-1] INFO [org.springframework.core.io.support.PropertiesLoaderSupport.loadProperties:172] - Loading properties file from class path resource [config/system.properties]
2017.02.28 14:52:58.588 [localhost-startStop-1] INFO [org.ibase4j.core.listener.ServerListerner.contextInitialized:16] - =================================
2017.02.28 14:52:58.589 [localhost-startStop-1] INFO [org.ibase4j.core.listener.ServerListerner.contextInitialized:17] - 系统[iBase4J-Web]启动完成!!!
2017.02.28 14:52:58.589 [localhost-startStop-1] INFO [org.ibase4j.core.listener.ServerListerner.contextInitialized:18] - =================================
2017.02.28 14:57:03.092 [localhost-startStop-1] INFO [org.springframework.core.io.support.PropertiesLoaderSupport.loadProperties:172] - Loading properties file from class path resource [config/system.properties]
2017.02.28 14:57:18.101 [localhost-startStop-1] INFO [org.ibase4j.core.listener.ServerListerner.contextInitialized:16] - =================================
2017.02.28 14:57:18.101 [localhost-startStop-1] INFO [org.ibase4j.core.listener.ServerListerner.contextInitialized:17] - 系统[iBase4J-Web]启动完成!!!
2017.02.28 14:57:18.101 [localhost-startStop-1] INFO [org.ibase4j.core.listener.ServerListerner.contextInitialized:18] - =================================
2017.02.28 14:58:14.018 [http-bio-8088-exec-1] INFO [org.ibase4j.core.filter.CsrfFilter.doFilter:49] - referurl----->http://127.0.0.1/
2017.02.28 14:58:14.019 [http-bio-8088-exec-1] DEBUG [org.ibase4j.core.filter.XssFilter.doFilter:74] - account==admin
2017.02.28 14:58:14.019 [http-bio-8088-exec-1] DEBUG [org.ibase4j.core.filter.XssFilter.doFilter:74] - password==111111
2017.02.28 14:58:19.342 [pool-2-thread-1] DEBUG [org.ibase4j.service.sys.SysEventServiceImpl$1.run:73] - 开始时间: 14:58:14.045; 结束时间: 14:58:18.498; 耗时: 4.453s; URI: /login; 
2017.02.28 14:58:20.015 [http-bio-8088-exec-2] INFO [org.ibase4j.core.filter.CsrfFilter.doFilter:49] - referurl----->http://127.0.0.1/
2017.02.28 14:58:20.257 [http-bio-8088-exec-3] INFO [org.ibase4j.core.filter.CsrfFilter.doFilter:49] - referurl----->http://127.0.0.1/
2017.02.28 14:58:28.190 [http-bio-8088-exec-4] INFO [org.ibase4j.core.filter.CsrfFilter.doFilter:49] - referurl----->http://127.0.0.1/
2017.02.28 14:58:43.591 [http-bio-8088-exec-5] INFO [org.ibase4j.core.filter.CsrfFilter.doFilter:49] - referurl----->http://127.0.0.1/
2017.02.28 14:58:49.658 [http-bio-8088-exec-6] INFO [org.ibase4j.core.filter.CsrfFilter.doFilter:49] - referurl----->http://127.0.0.1/
2017.02.28 14:58:49.658 [http-bio-8088-exec-6] DEBUG [org.ibase4j.core.filter.XssFilter.doFilter:74] - id==2
2017.02.28 14:58:53.033 [http-bio-8088-exec-7] INFO [org.ibase4j.core.filter.CsrfFilter.doFilter:49] - referurl----->http://127.0.0.1/
2017.02.28 14:59:00.395 [http-bio-8088-exec-8] INFO [org.ibase4j.core.filter.CsrfFilter.doFilter:49] - referurl----->http://127.0.0.1/
2017.02.28 14:59:08.713 [http-bio-8088-exec-9] INFO [org.ibase4j.core.filter.CsrfFilter.doFilter:49] - referurl----->http://127.0.0.1/
2017.02.28 14:59:13.307 [http-bio-8088-exec-10] INFO [org.ibase4j.core.filter.CsrfFilter.doFilter:49] - referurl----->http://127.0.0.1/
2017.02.28 14:59:18.581 [http-bio-8088-exec-1] INFO [org.ibase4j.core.filter.CsrfFilter.doFilter:49] - referurl----->http://127.0.0.1/
2017.02.28 14:59:20.999 [http-bio-8088-exec-3] INFO [org.ibase4j.core.filter.CsrfFilter.doFilter:49] - referurl----->http://127.0.0.1/
2017.02.28 14:59:25.450 [http-bio-8088-exec-2] INFO [org.ibase4j.core.filter.CsrfFilter.doFilter:49] - referurl----->http://127.0.0.1/
2017.02.28 14:59:29.585 [http-bio-8088-exec-4] INFO [org.ibase4j.core.filter.CsrfFilter.doFilter:49] - referurl----->http://127.0.0.1/
